<?xml version="1.0" encoding="UTF-8"?>
<testExecutions version="1">
  <file path="/Users/nial/Documents/TSI/intro to react/vite-project/test/test_navBar.test.js">
    <testCase name="NavBar component renders the navbar" duration="25"/>
    <testCase name="NavBar component updates the query state when the search changes" duration="15"/>
    <testCase name="NavBar component calls sendQueryToParent when the search button is clicked" duration="7"/>
  </file>
  <file path="/Users/nial/Documents/TSI/intro to react/vite-project/test/test_app.test.js">
    <testCase name="App component renders App component" duration="40"/>
    <testCase name="App component navigates to Ukraine News when the route is changed" duration="69"/>
    <testCase name="App component navigates to World News when the route is changed" duration="37"/>
  </file>
  <file path="/Users/nial/Documents/TSI/intro to react/vite-project/test/test_newsList.test.js">
    <testCase name="NewsList renders loading state initially" duration="3"/>
    <testCase name="NewsList renders news items after data fetching" duration="86"/>
    <testCase name="NewsList should console.error on failed axios request" duration="7"/>
    <testCase name="NewsList should filter news items by search query" duration="7"/>
    <testCase name="NewsList should set treding words to commoun words" duration="8"/>
  </file>
</testExecutions>