<?xml version="1.0" encoding="UTF-8"?>
<testExecutions version="1">
  <file path="/Users/nial/TSI/next/news-aggregation/test/test_navBar.test.js">
    <testCase name="NavBar component renders the navbar" duration="19"/>
  </file>
  <file path="/Users/nial/TSI/next/news-aggregation/test/test_newsList.test.js">
    <testCase name="NewsList renders loading state initially" duration="3"/>
    <testCase name="NewsList renders news items after data fetching" duration="71"/>
    <testCase name="NewsList should console.error on failed axios request" duration="7"/>
    <testCase name="NewsList should filter news items by search query" duration="7"/>
    <testCase name="NewsList should set treding words to commoun words" duration="11"/>
  </file>
  <file path="/Users/nial/TSI/next/news-aggregation/test/test_app.test.js">
    <testCase name="App component renders App component" duration="27"/>
    <testCase name="App component navigates to Ukraine News when the route is changed" duration="62"/>
    <testCase name="App component navigates to World News when the route is changed" duration="35"/>
  </file>
</testExecutions>